This is pdfTeX, Version 3.14159265-2.6-1.40.18 (TeX Live 2017/Debian) (preloaded format=latex 2021.2.7)  24 APR 2021 00:10
entering extended mode
 restricted \write18 enabled.
 %&-line parsing enabled.
**ee18btech11034.tex
(./ee18btech11034.tex
LaTeX2e <2017-04-15>
Babel <3.18> and hyphenation patterns for 3 language(s) loaded.
(/usr/share/texlive/texmf-dist/tex/latex/base/article.cls
Document Class: article 2014/09/29 v1.4h Standard LaTeX document class
(/usr/share/texlive/texmf-dist/tex/latex/base/size10.clo
File: size10.clo 2014/09/29 v1.4h Standard LaTeX file (size option)
)
\c@part=\count79
\c@section=\count80
\c@subsection=\count81
\c@subsubsection=\count82
\c@paragraph=\count83
\c@subparagraph=\count84
\c@figure=\count85
\c@table=\count86
\abovecaptionskip=\skip41
\belowcaptionskip=\skip42
\bibindent=\dimen102
)
(/usr/share/texlive/texmf-dist/tex/latex/graphics/graphicx.sty
Package: graphicx 2017/06/01 v1.1a Enhanced LaTeX Graphics (DPC,SPQR)

(/usr/share/texlive/texmf-dist/tex/latex/graphics/keyval.sty
Package: keyval 2014/10/28 v1.15 key=value parser (DPC)
\KV@toks@=\toks14
)
(/usr/share/texlive/texmf-dist/tex/latex/graphics/graphics.sty
Package: graphics 2017/06/25 v1.2c Standard LaTeX Graphics (DPC,SPQR)

(/usr/share/texlive/texmf-dist/tex/latex/graphics/trig.sty
Package: trig 2016/01/03 v1.10 sin cos tan (DPC)
)
(/usr/share/texlive/texmf-dist/tex/latex/graphics-cfg/graphics.cfg
File: graphics.cfg 2016/06/04 v1.11 sample graphics configuration
)
Package graphics Info: Driver file: dvips.def on input line 99.

(/usr/share/texlive/texmf-dist/tex/latex/graphics-def/dvips.def
File: dvips.def 2017/06/20 v3.1d Graphics/color driver for dvips
))
\Gin@req@height=\dimen103
\Gin@req@width=\dimen104
)
(./ee18btech11034.aux)
\openout1 = `ee18btech11034.aux'.

LaTeX Font Info:    Checking defaults for OML/cmm/m/it on input line 9.
LaTeX Font Info:    ... okay on input line 9.
LaTeX Font Info:    Checking defaults for T1/cmr/m/n on input line 9.
LaTeX Font Info:    ... okay on input line 9.
LaTeX Font Info:    Checking defaults for OT1/cmr/m/n on input line 9.
LaTeX Font Info:    ... okay on input line 9.
LaTeX Font Info:    Checking defaults for OMS/cmsy/m/n on input line 9.
LaTeX Font Info:    ... okay on input line 9.
LaTeX Font Info:    Checking defaults for OMX/cmex/m/n on input line 9.
LaTeX Font Info:    ... okay on input line 9.
LaTeX Font Info:    Checking defaults for U/cmr/m/n on input line 9.
LaTeX Font Info:    ... okay on input line 9.
LaTeX Font Info:    External font `cmex10' loaded for size
(Font)              <12> on input line 15.
LaTeX Font Info:    External font `cmex10' loaded for size
(Font)              <8> on input line 15.
LaTeX Font Info:    External font `cmex10' loaded for size
(Font)              <6> on input line 15.
LaTeX Font Info:    External font `cmex10' loaded for size
(Font)              <7> on input line 22.
LaTeX Font Info:    External font `cmex10' loaded for size
(Font)              <5> on input line 22.
LaTeX Font Info:    Try loading font information for OMS+cmr on input line 31.
 (/usr/share/texlive/texmf-dist/tex/latex/base/omscmr.fd
File: omscmr.fd 2014/09/29 v2.5h Standard LaTeX font definitions
)
LaTeX Font Info:    Font shape `OMS/cmr/m/n' in size <10> not available
(Font)              Font shape `OMS/cmsy/m/n' tried instead on input line 31.
[1

]
File: ./codes/iir/figs/ee18btech11034_parameter_plots.eps Graphic file (type ep
s)
 <./codes/iir/figs/ee18btech11034_parameter_plots.eps>
Overfull \hbox (81.79134pt too wide) in paragraph at lines 89--90
[][] 
 []

File: ./codes/iir/figs/ee18btech11034_specifications.eps Graphic file (type eps
)
<./codes/iir/figs/ee18btech11034_specifications.eps>
Overfull \hbox (81.79134pt too wide) in paragraph at lines 95--96
[][] 
 []

[2] [3] [4]
File: ./codes/iir/figs/ee18btech11034_Analog_IIR_Lowpass.eps Graphic file (type
 eps)
 <./codes/iir/figs/ee18btech11034_Analog_IIR_Lowpass.eps>
Overfull \hbox (81.79134pt too wide) in paragraph at lines 131--132
[][] 
 []

File: ./codes/iir/figs/ee18btech11034_Analog_IIR_Bandpass.eps Graphic file (typ
e eps)
<./codes/iir/figs/ee18btech11034_Analog_IIR_Bandpass.eps>
Overfull \hbox (81.79134pt too wide) in paragraph at lines 154--155
[][] 
 []

[5] [6] [7]
File: ./codes/iir/figs/ee18btech11034_Digital_IIR_Bandpass.eps Graphic file (ty
pe eps)
 <./codes/iir/figs/ee18btech11034_Digital_IIR_Bandpass.eps>
Overfull \hbox (81.79134pt too wide) in paragraph at lines 184--185
[][] 
 []

[8] [9]
File: ./codes/fir/figs/ee18btech11034_FIR_Lowpass.eps Graphic file (type eps)
 <./codes/fir/figs/ee18btech11034_FIR_Lowpass.eps>
Overfull \hbox (81.79134pt too wide) in paragraph at lines 257--258
[][] 
 []

[10]
File: ./codes/fir/figs/ee18btech11034_FIR_Bandpass.eps Graphic file (type eps)
 <./codes/fir/figs/ee18btech11034_FIR_Bandpass.eps>
Overfull \hbox (81.79134pt too wide) in paragraph at lines 278--279
[][] 
 []

[11] [12] (./ee18btech11034.aux) ) 
Here is how much of TeX's memory you used:
 651 strings out of 494924
 8811 string characters out of 6180769
 60533 words of memory out of 5000000
 4009 multiletter control sequences out of 15000+600000
 7933 words of font info for 28 fonts, out of 8000000 for 9000
 14 hyphenation exceptions out of 8191
 25i,12n,19p,533b,319s stack positions out of 5000i,500n,10000p,200000b,80000s

Output written on ee18btech11034.dvi (12 pages, 20084 bytes).
